<?xml version="1.0" encoding="UTF-8" standalone="no"?>
<!DOCTYPE log SYSTEM "logger.dtd">
<log>
<record>
  <date>2019-04-04T14:05:26.954-0300</date>
  <logger>ITALLO DE SOUSA SILVA</logger>
  <level>FINE</level>
  <message>File 118110718-ITALLO DE SOUSA SILVA.zip was received. It was sent by ITALLO DE SOUSA SILVA from IP 150.165.42.177</message>
</record>
</log>
<?xml version="1.0" encoding="UTF-8" standalone="no"?>
<!DOCTYPE log SYSTEM "logger.dtd">
<log>
<record>
  <date>2019-04-04T14:48:02.889-0300</date>
  <logger>ITALLO DE SOUSA SILVA</logger>
  <level>FINE</level>
  <message>File 118110718-ITALLO DE SOUSA SILVA.zip was received. It was sent by ITALLO DE SOUSA SILVA from IP 150.165.42.177</message>
</record>
</log>
<?xml version="1.0" encoding="UTF-8" standalone="no"?>
<!DOCTYPE log SYSTEM "logger.dtd">
<log>
<record>
  <date>2019-04-04T14:50:20.987-0300</date>
  <logger>ITALLO DE SOUSA SILVA</logger>
  <level>FINE</level>
  <message>File 118110718-ITALLO DE SOUSA SILVA.zip was received. It was sent by ITALLO DE SOUSA SILVA from IP 150.165.42.177</message>
</record>
