<?xml version="1.0" encoding="UTF-8" standalone="no"?>
<!DOCTYPE log SYSTEM "logger.dtd">
<log>
<record>
  <date>2019-06-03T18:27:50.467-0300</date>
  <logger>ITALLO DE SOUSA SILVA</logger>
  <level>FINE</level>
  <message>File 118110718-ITALLO DE SOUSA SILVA.zip was received. It was sent by ITALLO DE SOUSA SILVA from IP 192.168.0.25 at 03-06-2019 18*27*50</message>
</record>
</log>
<?xml version="1.0" encoding="UTF-8" standalone="no"?>
<!DOCTYPE log SYSTEM "logger.dtd">
<log>
<record>
  <date>2019-06-03T19:56:43.029-0300</date>
  <logger>ITALLO DE SOUSA SILVA</logger>
  <level>FINE</level>
  <message>File 118110718-ITALLO DE SOUSA SILVA.zip was received. It was sent by ITALLO DE SOUSA SILVA from IP 192.168.0.25 at 03-06-2019 19*56*43</message>
</record>
</log>
<?xml version="1.0" encoding="UTF-8" standalone="no"?>
<!DOCTYPE log SYSTEM "logger.dtd">
<log>
<record>
  <date>2019-06-04T19:29:35.445-0300</date>
  <logger>ITALLO DE SOUSA SILVA</logger>
  <level>FINE</level>
  <message>File 118110718-ITALLO DE SOUSA SILVA.zip was received. It was sent by ITALLO DE SOUSA SILVA from IP 192.168.0.25 at 04-06-2019 19*29*35</message>
</record>
