<?xml version="1.0" encoding="UTF-8" standalone="no"?>
<!DOCTYPE log SYSTEM "logger.dtd">
<log>
<record>
  <date>2019-05-31T10:42:16.569-0300</date>
  <logger>ITALLO DE SOUSA SILVA</logger>
  <level>FINE</level>
  <message>File 118110718-ITALLO DE SOUSA SILVA.zip was received. It was sent by ITALLO DE SOUSA SILVA from IP 192.168.43.192 at 31-05-2019 10*42*16</message>
</record>
</log>
<?xml version="1.0" encoding="UTF-8" standalone="no"?>
<!DOCTYPE log SYSTEM "logger.dtd">
<log>
<record>
  <date>2019-05-31T11:09:49.753-0300</date>
  <logger>ITALLO DE SOUSA SILVA</logger>
  <level>FINE</level>
  <message>File 118110718-ITALLO DE SOUSA SILVA.zip was received. It was sent by ITALLO DE SOUSA SILVA from IP 192.168.43.192 at 31-05-2019 11*09*49</message>
</record>
</log>
<?xml version="1.0" encoding="UTF-8" standalone="no"?>
<!DOCTYPE log SYSTEM "logger.dtd">
<log>
<record>
  <date>2019-05-31T11:29:33.244-0300</date>
  <logger>ITALLO DE SOUSA SILVA</logger>
  <level>FINE</level>
  <message>File 118110718-ITALLO DE SOUSA SILVA.zip was received. It was sent by ITALLO DE SOUSA SILVA from IP 192.168.43.192 at 31-05-2019 11*29*33</message>
</record>
</log>
<?xml version="1.0" encoding="UTF-8" standalone="no"?>
<!DOCTYPE log SYSTEM "logger.dtd">
<log>
<record>
  <date>2019-06-01T10:28:16.530-0300</date>
  <logger>ITALLO DE SOUSA SILVA</logger>
  <level>FINE</level>
  <message>File 118110718-ITALLO DE SOUSA SILVA.zip was received. It was sent by ITALLO DE SOUSA SILVA from IP 192.168.43.192 at 01-06-2019 10*28*16</message>
</record>
