<?xml version="1.0" encoding="UTF-8" standalone="no"?>
<!DOCTYPE log SYSTEM "logger.dtd">
<log>
<record>
  <date>2019-04-01T16:22:33.076-0300</date>
  <logger>ITALLO DE SOUSA SILVA</logger>
  <level>FINE</level>
  <message>File 118110718-ITALLO DE SOUSA SILVA.zip was received. It was sent by ITALLO DE SOUSA SILVA from IP 150.165.42.177</message>
</record>
</log>
<?xml version="1.0" encoding="UTF-8" standalone="no"?>
<!DOCTYPE log SYSTEM "logger.dtd">
<log>
<record>
  <date>2019-04-01T16:55:13.434-0300</date>
  <logger>ITALLO DE SOUSA SILVA</logger>
  <level>FINE</level>
  <message>File 118110718-ITALLO DE SOUSA SILVA.zip was received. It was sent by ITALLO DE SOUSA SILVA from IP 150.165.42.177</message>
</record>
</log>
<?xml version="1.0" encoding="UTF-8" standalone="no"?>
<!DOCTYPE log SYSTEM "logger.dtd">
<log>
<record>
  <date>2019-04-01T20:32:39.256-0300</date>
  <logger>ITALLO DE SOUSA SILVA</logger>
  <level>FINE</level>
  <message>File 118110718-ITALLO DE SOUSA SILVA.zip was received. It was sent by ITALLO DE SOUSA SILVA from IP 192.168.0.25</message>
</record>
</log>
<?xml version="1.0" encoding="UTF-8" standalone="no"?>
<!DOCTYPE log SYSTEM "logger.dtd">
<log>
<record>
  <date>2019-04-01T21:56:37.562-0300</date>
  <logger>ITALLO DE SOUSA SILVA</logger>
  <level>FINE</level>
  <message>File 118110718-ITALLO DE SOUSA SILVA.zip was received. It was sent by ITALLO DE SOUSA SILVA from IP 192.168.0.25</message>
</record>
</log>
<?xml version="1.0" encoding="UTF-8" standalone="no"?>
<!DOCTYPE log SYSTEM "logger.dtd">
<log>
<record>
  <date>2019-04-01T21:57:23.269-0300</date>
  <logger>ITALLO DE SOUSA SILVA</logger>
  <level>FINE</level>
  <message>File 118110718-ITALLO DE SOUSA SILVA.zip was received. It was sent by ITALLO DE SOUSA SILVA from IP 192.168.0.25</message>
</record>
