<?xml version="1.0" encoding="UTF-8" standalone="no"?>
<!DOCTYPE log SYSTEM "logger.dtd">
<log>
<record>
  <date>2019-03-28T14:31:49.756-0300</date>
  <logger>ITALLO DE SOUSA SILVA</logger>
  <level>FINE</level>
  <message>File 118110718-ITALLO DE SOUSA SILVA.zip was received. It was sent by ITALLO DE SOUSA SILVA from IP 150.165.42.200</message>
</record>
</log>
<?xml version="1.0" encoding="UTF-8" standalone="no"?>
<!DOCTYPE log SYSTEM "logger.dtd">
<log>
<record>
  <date>2019-03-28T15:58:48.327-0300</date>
  <logger>ITALLO DE SOUSA SILVA</logger>
  <level>FINE</level>
  <message>File 118110718-ITALLO DE SOUSA SILVA.zip was received. It was sent by ITALLO DE SOUSA SILVA from IP 150.165.42.200</message>
</record>
</log>
<?xml version="1.0" encoding="UTF-8" standalone="no"?>
<!DOCTYPE log SYSTEM "logger.dtd">
<log>
<record>
  <date>2019-03-28T19:29:25.012-0300</date>
  <logger>ITALLO DE SOUSA SILVA</logger>
  <level>FINE</level>
  <message>File 118110718-ITALLO DE SOUSA SILVA.zip was received. It was sent by ITALLO DE SOUSA SILVA from IP 192.168.0.24</message>
</record>
</log>
<?xml version="1.0" encoding="UTF-8" standalone="no"?>
<!DOCTYPE log SYSTEM "logger.dtd">
<log>
<record>
  <date>2019-03-28T19:44:53.318-0300</date>
  <logger>ITALLO DE SOUSA SILVA</logger>
  <level>FINE</level>
  <message>File 118110718-ITALLO DE SOUSA SILVA.zip was received. It was sent by ITALLO DE SOUSA SILVA from IP 192.168.0.24</message>
</record>
</log>
<?xml version="1.0" encoding="UTF-8" standalone="no"?>
<!DOCTYPE log SYSTEM "logger.dtd">
<log>
<record>
  <date>2019-03-28T20:29:15.010-0300</date>
  <logger>ITALLO DE SOUSA SILVA</logger>
  <level>FINE</level>
  <message>File 118110718-ITALLO DE SOUSA SILVA.zip was received. It was sent by ITALLO DE SOUSA SILVA from IP 192.168.0.24</message>
</record>
